Using pre-set license
Built from '2021.3/staging' branch; Version is '2021.3.19f1 (c9714fde33b6) revision 13201743'; Using compiler version '192829333'; Build Type 'Release'
OS: 'Windows 10  (10.0.19045) 64bit Enterprise' Language: 'en' Physical Memory: 32456 MB
BatchMode: 1, IsHumanControllingUs: 0, StartBugReporterOnCrash: 0, Is64bit: 1, IsPro: 1

COMMAND LINE ARGUMENTS:
C:\Program Files\Unity 2021.3.19f1\Editor\Unity.exe
-adb2
-batchMode
-noUpm
-name
AssetImportWorker1
-projectPath
C:/Users/horna733/Documents/Unity Projects-Adam/Sound Effects-adam
-logFile
Logs/AssetImportWorker1.log
-srvPort
57702
Successfully changed project path to: C:/Users/horna733/Documents/Unity Projects-Adam/Sound Effects-adam
C:/Users/horna733/Documents/Unity Projects-Adam/Sound Effects-adam
[UnityMemory] Configuration Parameters - Can be set up in boot.config
    "memorysetup-bucket-allocator-granularity=16"
    "memorysetup-bucket-allocator-bucket-count=8"
    "memorysetup-bucket-allocator-block-size=33554432"
    "memorysetup-bucket-allocator-block-count=8"
    "memorysetup-main-allocator-block-size=16777216"
    "memorysetup-thread-allocator-block-size=16777216"
    "memorysetup-gfx-main-allocator-block-size=16777216"
    "memorysetup-gfx-thread-allocator-block-size=16777216"
    "memorysetup-cache-allocator-block-size=4194304"
    "memorysetup-typetree-allocator-block-size=2097152"
    "memorysetup-profiler-bucket-allocator-granularity=16"
    "memorysetup-profiler-bucket-allocator-bucket-count=8"
    "memorysetup-profiler-bucket-allocator-block-size=33554432"
    "memorysetup-profiler-bucket-allocator-block-count=8"
    "memorysetup-profiler-allocator-block-size=16777216"
    "memorysetup-profiler-editor-allocator-block-size=1048576"
    "memorysetup-temp-allocator-size-main=16777216"
    "memorysetup-job-temp-allocator-block-size=2097152"
    "memorysetup-job-temp-allocator-block-size-background=1048576"
    "memorysetup-job-temp-allocator-reduction-small-platforms=262144"
    "memorysetup-temp-allocator-size-background-worker=32768"
    "memorysetup-temp-allocator-size-job-worker=262144"
    "memorysetup-temp-allocator-size-preload-manager=33554432"
    "memorysetup-temp-allocator-size-nav-mesh-worker=65536"
    "memorysetup-temp-allocator-size-audio-worker=65536"
    "memorysetup-temp-allocator-size-cloud-worker=32768"
    "memorysetup-temp-allocator-size-gi-baking-worker=262144"
    "memorysetup-temp-allocator-size-gfx=262144"
Player connection [3588] Host "[IP] 10.2.3.250 [Port] 0 [Flags] 2 [Guid] 3255918157 [EditorId] 3255918157 [Version] 1048832 [Id] WindowsEditor(7,CE105WD238870S) [Debug] 1 [PackageName] WindowsEditor [ProjectName] Editor" joined multi-casting on [225.0.0.222:54997]...

Player connection [3588] Host "[IP] 10.2.3.250 [Port] 0 [Flags] 2 [Guid] 3255918157 [EditorId] 3255918157 [Version] 1048832 [Id] WindowsEditor(7,CE105WD238870S) [Debug] 1 [PackageName] WindowsEditor [ProjectName] Editor" joined alternative multi-casting on [225.0.0.222:34997]...

Refreshing native plugins compatible for Editor in 21.74 ms, found 2 plugins.
Preloading 0 native plugins for Editor in 0.00 ms.
Initialize engine version: 2021.3.19f1 (c9714fde33b6)
[Subsystems] Discovering subsystems at path C:/Program Files/Unity 2021.3.19f1/Editor/Data/Resources/UnitySubsystems
[Subsystems] Discovering subsystems at path C:/Users/horna733/Documents/Unity Projects-Adam/Sound Effects-adam/Assets
GfxDevice: creating device client; threaded=0; jobified=0
Direct3D:
    Version:  Direct3D 11.0 [level 11.1]
    Renderer: Intel(R) UHD Graphics (ID=0xa780)
    Vendor:   Intel
    VRAM:     16228 MB
    Driver:   31.0.101.3302
Initialize mono
Mono path[0] = 'C:/Program Files/Unity 2021.3.19f1/Editor/Data/Managed'
Mono path[1] = 'C:/Program Files/Unity 2021.3.19f1/Editor/Data/MonoBleedingEdge/lib/mono/unityjit-win32'
Mono config path = 'C:/Program Files/Unity 2021.3.19f1/Editor/Data/MonoBleedingEdge/etc'
Using monoOptions --debugger-agent=transport=dt_socket,embedding=1,server=y,suspend=n,address=127.0.0.1:56844
Begin MonoManager ReloadAssembly
Registering precompiled unity dll's ...
Register platform support module: C:/Program Files/Unity 2021.3.19f1/Editor/Data/PlaybackEngines/WebGLSupport/UnityEditor.WebGL.Extensions.dll
Register platform support module: C:/Program Files/Unity 2021.3.19f1/Editor/Data/PlaybackEngines/WindowsStandaloneSupport/UnityEditor.WindowsStandalone.Extensions.dll
Register platform support module: C:/Program Files/Unity 2021.3.19f1/Editor/Data/PlaybackEngines/MetroSupport/UnityEditor.UWP.Extensions.dll
Registered in 0.005736 seconds.
Native extension for UWP target not found
Native extension for WindowsStandalone target not found
Native extension for WebGL target not found
Refreshing native plugins compatible for Editor in 20.30 ms, found 2 plugins.
Preloading 0 native plugins for Editor in 0.00 ms.
Mono: successfully reloaded assembly
- Completed reload, in  0.525 seconds
Domain Reload Profiling:
	ReloadAssembly (525ms)
		BeginReloadAssembly (70ms)
			ExecutionOrderSort (0ms)
			DisableScriptedObjects (0ms)
			BackupInstance (0ms)
			ReleaseScriptingObjects (0ms)
			CreateAndSetChildDomain (1ms)
		EndReloadAssembly (356ms)
			LoadAssemblies (69ms)
			RebuildTransferFunctionScriptingTraits (0ms)
			SetupTypeCache (89ms)
			ReleaseScriptCaches (0ms)
			RebuildScriptCaches (24ms)
			SetupLoadedEditorAssemblies (198ms)
				LogAssemblyErrors (0ms)
				InitializePlatformSupportModulesInManaged (8ms)
				SetLoadedEditorAssemblies (0ms)
				RefreshPlugins (20ms)
				BeforeProcessingInitializeOnLoad (1ms)
				ProcessInitializeOnLoadAttributes (125ms)
				ProcessInitializeOnLoadMethodAttributes (43ms)
				AfterProcessingInitializeOnLoad (0ms)
				EditorAssembliesLoaded (0ms)
			ExecutionOrderSort2 (0ms)
			AwakeInstancesAfterBackupRestoration (0ms)
Platform modules already initialized, skipping
Registering precompiled user dll's ...
Registered in 0.003299 seconds.
Begin MonoManager ReloadAssembly
Native extension for UWP target not found
Native extension for WindowsStandalone target not found
Native extension for WebGL target not found
Refreshing native plugins compatible for Editor in 0.26 ms, found 2 plugins.
Preloading 0 native plugins for Editor in 0.00 ms.
Mono: successfully reloaded assembly
- Completed reload, in  0.705 seconds
Domain Reload Profiling:
	ReloadAssembly (706ms)
		BeginReloadAssembly (84ms)
			ExecutionOrderSort (0ms)
			DisableScriptedObjects (5ms)
			BackupInstance (0ms)
			ReleaseScriptingObjects (0ms)
			CreateAndSetChildDomain (18ms)
		EndReloadAssembly (520ms)
			LoadAssemblies (48ms)
			RebuildTransferFunctionScriptingTraits (0ms)
			SetupTypeCache (141ms)
			ReleaseScriptCaches (0ms)
			RebuildScriptCaches (34ms)
			SetupLoadedEditorAssemblies (249ms)
				LogAssemblyErrors (0ms)
				InitializePlatformSupportModulesInManaged (7ms)
				SetLoadedEditorAssemblies (0ms)
				RefreshPlugins (0ms)
				BeforeProcessingInitializeOnLoad (42ms)
				ProcessInitializeOnLoadAttributes (176ms)
				ProcessInitializeOnLoadMethodAttributes (17ms)
				AfterProcessingInitializeOnLoad (7ms)
				EditorAssembliesLoaded (0ms)
			ExecutionOrderSort2 (0ms)
			AwakeInstancesAfterBackupRestoration (8ms)
Platform modules already initialized, skipping
========================================================================
Worker process is ready to serve import requests
Launched and connected shader compiler UnityShaderCompiler.exe after 0.06 seconds
Refreshing native plugins compatible for Editor in 0.21 ms, found 2 plugins.
Preloading 0 native plugins for Editor in 0.00 ms.
Unloading 1342 Unused Serialized files (Serialized files now loaded: 0)
Unloading 16 unused Assets / (56.5 KB). Loaded Objects now: 1812.
Memory consumption went from 62.5 MB to 62.4 MB.
Total: 1.565500 ms (FindLiveObjects: 0.076800 ms CreateObjectMapping: 0.018000 ms MarkObjects: 1.412100 ms  DeleteObjects: 0.057700 ms)

AssetImportParameters requested are different than current active one (requested -> active):
  custom:video-decoder-ogg-theora: a1e56fd34408186e4bbccfd4996cb3dc -> 
  custom:container-muxer-webm: aa71ff27fc2769a1b78a27578f13a17b -> 
  custom:container-demuxer-webm: 4f35f7cbe854078d1ac9338744f61a02 -> 
  custom:video-encoder-webm-vp8: eb34c28f22e8b96e1ab97ce403110664 -> 
  custom:audio-encoder-webm-vorbis: bf7c407c2cedff20999df2af8eb42d56 -> 
  custom:framework-win-MediaFoundation: 216162199b28c13a410421893ffa2e32 -> 
  custom:container-demuxer-ogg: 62fdf1f143b41e24485cea50d1cbac27 -> 
  custom:video-decoder-webm-vp8: 9c59270c3fd7afecdb556c50c9e8de78 -> 
  custom:audio-decoder-ogg-vorbis: bf7c407c2cedff20999df2af8eb42d56 -> 
========================================================================
Received Import Request.
  Time since last request: 2319358.649456 seconds.
  path: Assets/Sounds/Ambience Busy Road Not Very Busy 01.wav
  artifactKey: Guid(1fcc3f31f0f1243f4ba190f9d6208032) Importer(815301076,1909f56bfc062723c751e8b465ee728b)
Start importing Assets/Sounds/Ambience Busy Road Not Very Busy 01.wav using Guid(1fcc3f31f0f1243f4ba190f9d6208032) Importer(815301076,1909f56bfc062723c751e8b465ee728b)  -> (artifact id: 'f2dfc27550ad8de2da4edd0bcbd7d78b') in 0.163218 seconds 
========================================================================
Received Import Request.
  Time since last request: 0.000017 seconds.
  path: Assets/Sounds/Human Male Karate Yell Deep Hi-Yah 01.wav
  artifactKey: Guid(b2d51be0987c24a0095bc39eea6460a4) Importer(815301076,1909f56bfc062723c751e8b465ee728b)
Start importing Assets/Sounds/Human Male Karate Yell Deep Hi-Yah 01.wav using Guid(b2d51be0987c24a0095bc39eea6460a4) Importer(815301076,1909f56bfc062723c751e8b465ee728b)  -> (artifact id: '994c768483fb56ee95b33d9bad6a1c0e') in 0.023094 seconds 
========================================================================
Received Import Request.
  Time since last request: 0.000026 seconds.
  path: Assets/Sounds/Cinematic_Hit1.wav
  artifactKey: Guid(00a593a2807c702459574fff7b9a418a) Importer(815301076,1909f56bfc062723c751e8b465ee728b)
Start importing Assets/Sounds/Cinematic_Hit1.wav using Guid(00a593a2807c702459574fff7b9a418a) Importer(815301076,1909f56bfc062723c751e8b465ee728b)  -> (artifact id: '069ce11dd06f391be8aed17854ed7454') in 0.018454 seconds 
========================================================================
Received Import Request.
  Time since last request: 0.000018 seconds.
  path: Assets/Sounds/Impact Garbage Can Drop On Dirt And Rock 01.wav
  artifactKey: Guid(87904ca5e7aba4dd89461aaff87e4ec0) Importer(815301076,1909f56bfc062723c751e8b465ee728b)
Start importing Assets/Sounds/Impact Garbage Can Drop On Dirt And Rock 01.wav using Guid(87904ca5e7aba4dd89461aaff87e4ec0) Importer(815301076,1909f56bfc062723c751e8b465ee728b)  -> (artifact id: 'd95d9ba0df8caeaa6705518384f051e3') in 0.028550 seconds 
========================================================================
Received Import Request.
  Time since last request: 0.000019 seconds.
  path: Assets/Sounds/Human Female Clears Throat 01.wav
  artifactKey: Guid(c7307015f88ef47d784331560daa372e) Importer(815301076,1909f56bfc062723c751e8b465ee728b)
Start importing Assets/Sounds/Human Female Clears Throat 01.wav using Guid(c7307015f88ef47d784331560daa372e) Importer(815301076,1909f56bfc062723c751e8b465ee728b)  -> (artifact id: '1a54dac1a9636a3f8beb38799423d1dd') in 0.027497 seconds 
========================================================================
Received Import Request.
  Time since last request: 0.000016 seconds.
  path: Assets/Sounds/Car_Pass-By_02.wav
  artifactKey: Guid(6f77c4c5e7d833b43be9c4ceef977fde) Importer(815301076,1909f56bfc062723c751e8b465ee728b)
Start importing Assets/Sounds/Car_Pass-By_02.wav using Guid(6f77c4c5e7d833b43be9c4ceef977fde) Importer(815301076,1909f56bfc062723c751e8b465ee728b)  -> (artifact id: 'f996549d0241d4e776ac0036ecedbc3c') in 0.020179 seconds 
========================================================================
Received Import Request.
  Time since last request: 0.000016 seconds.
  path: Assets/Sounds/Animal Ambience Crickets Near A Stream 01.wav
  artifactKey: Guid(dd5b740d72b04471599dee5a2e49b0a2) Importer(815301076,1909f56bfc062723c751e8b465ee728b)
Start importing Assets/Sounds/Animal Ambience Crickets Near A Stream 01.wav using Guid(dd5b740d72b04471599dee5a2e49b0a2) Importer(815301076,1909f56bfc062723c751e8b465ee728b)  -> (artifact id: 'f60ffd6e72b5af27f4415f62d4239c6d') in 0.020572 seconds 
========================================================================
Received Import Request.
  Time since last request: 0.000017 seconds.
  path: Assets/Sounds/Crash_Smash-Designed_Stone_Crash_Designed_031.wav
  artifactKey: Guid(33138aa190e16dd4e83731482f9f1b7b) Importer(815301076,1909f56bfc062723c751e8b465ee728b)
Start importing Assets/Sounds/Crash_Smash-Designed_Stone_Crash_Designed_031.wav using Guid(33138aa190e16dd4e83731482f9f1b7b) Importer(815301076,1909f56bfc062723c751e8b465ee728b)  -> (artifact id: 'b62c2eaa168912dfee455fa4ca28df48') in 0.021161 seconds 
========================================================================
Received Import Request.
  Time since last request: 0.000022 seconds.
  path: Assets/Sounds/Cartoon Horn Small Hand Horn Honking 07.wav
  artifactKey: Guid(8a17adf30ab744dbb9d2c049ae8dd36a) Importer(815301076,1909f56bfc062723c751e8b465ee728b)
Start importing Assets/Sounds/Cartoon Horn Small Hand Horn Honking 07.wav using Guid(8a17adf30ab744dbb9d2c049ae8dd36a) Importer(815301076,1909f56bfc062723c751e8b465ee728b)  -> (artifact id: 'cc10824a992df1611935aba7d247cba7') in 0.025878 seconds 
========================================================================
Received Import Request.
  Time since last request: 0.000015 seconds.
  path: Assets/Sounds/Crash_Smash-Designed_Metal_Crash_Designed_011.wav
  artifactKey: Guid(699808f3268b52c4d91cadf4a4caaa6b) Importer(815301076,1909f56bfc062723c751e8b465ee728b)
Start importing Assets/Sounds/Crash_Smash-Designed_Metal_Crash_Designed_011.wav using Guid(699808f3268b52c4d91cadf4a4caaa6b) Importer(815301076,1909f56bfc062723c751e8b465ee728b)  -> (artifact id: 'a8696e5aaf461ba096857a93da4abb10') in 0.023620 seconds 
========================================================================
Received Import Request.
  Time since last request: 0.000015 seconds.
  path: Assets/Sounds/Crash_Smash-Designed_Plastic_Crash_Designed_027.wav
  artifactKey: Guid(0e6c83c7f582b294886594aea6433e1b) Importer(815301076,1909f56bfc062723c751e8b465ee728b)
Start importing Assets/Sounds/Crash_Smash-Designed_Plastic_Crash_Designed_027.wav using Guid(0e6c83c7f582b294886594aea6433e1b) Importer(815301076,1909f56bfc062723c751e8b465ee728b)  -> (artifact id: '7b4e17745a78b4d278e7937f9c139cb6') in 0.021588 seconds 
========================================================================
Received Import Request.
  Time since last request: 0.000017 seconds.
  path: Assets/Sounds/CSFX_short-012.wav
  artifactKey: Guid(38aac409d526c6d4a8293af0dc5bf226) Importer(815301076,1909f56bfc062723c751e8b465ee728b)
Start importing Assets/Sounds/CSFX_short-012.wav using Guid(38aac409d526c6d4a8293af0dc5bf226) Importer(815301076,1909f56bfc062723c751e8b465ee728b)  -> (artifact id: 'dd0461780d34cbc48f8147c06cb9394c') in 0.020369 seconds 
========================================================================
Received Import Request.
  Time since last request: 0.000020 seconds.
  path: Assets/Sounds/Ambience Ducks Water And Bugs Near City 01.wav
  artifactKey: Guid(a719dbd044fcc4c51ba3b96c584b5a21) Importer(815301076,1909f56bfc062723c751e8b465ee728b)
Start importing Assets/Sounds/Ambience Ducks Water And Bugs Near City 01.wav using Guid(a719dbd044fcc4c51ba3b96c584b5a21) Importer(815301076,1909f56bfc062723c751e8b465ee728b)  -> (artifact id: '8601fab00fa8cf9977c934359add786b') in 0.017566 seconds 
========================================================================
Received Import Request.
  Time since last request: 0.000016 seconds.
  path: Assets/Sounds/Glitched-Loop_020_01.wav
  artifactKey: Guid(34e52427745492f44a4fe9ac2472951f) Importer(815301076,1909f56bfc062723c751e8b465ee728b)
Start importing Assets/Sounds/Glitched-Loop_020_01.wav using Guid(34e52427745492f44a4fe9ac2472951f) Importer(815301076,1909f56bfc062723c751e8b465ee728b)  -> (artifact id: 'b2546d4c08c81b7b0ab2d9876616d7ea') in 0.022674 seconds 
========================================================================
Received Import Request.
  Time since last request: 0.000015 seconds.
  path: Assets/Sounds/Human Laugh Evil Rich Jerk 15.wav
  artifactKey: Guid(dbc1543c3338749948c70ff1119b4b1a) Importer(815301076,1909f56bfc062723c751e8b465ee728b)
Start importing Assets/Sounds/Human Laugh Evil Rich Jerk 15.wav using Guid(dbc1543c3338749948c70ff1119b4b1a) Importer(815301076,1909f56bfc062723c751e8b465ee728b)  -> (artifact id: '9431799bd633792446857256223a3c66') in 0.017350 seconds 
========================================================================
Received Import Request.
  Time since last request: 0.000016 seconds.
  path: Assets/Sounds/Impact Body Fall On Dirt And Rock 01.wav
  artifactKey: Guid(00f371e10d921474ea28ae6918f28369) Importer(815301076,1909f56bfc062723c751e8b465ee728b)
Start importing Assets/Sounds/Impact Body Fall On Dirt And Rock 01.wav using Guid(00f371e10d921474ea28ae6918f28369) Importer(815301076,1909f56bfc062723c751e8b465ee728b)  -> (artifact id: '8a5fcdcf3e56092cb1283f74ec843a70') in 0.018561 seconds 
========================================================================
Received Import Request.
  Time since last request: 0.000023 seconds.
  path: Assets/Sounds/FallingDown.wav
  artifactKey: Guid(a235d590ef2a04d1b85b61ef4c21337c) Importer(815301076,1909f56bfc062723c751e8b465ee728b)
Start importing Assets/Sounds/FallingDown.wav using Guid(a235d590ef2a04d1b85b61ef4c21337c) Importer(815301076,1909f56bfc062723c751e8b465ee728b)  -> (artifact id: '545c99eef30849c04ef2b9479e37f297') in 0.019170 seconds 
========================================================================
Received Import Request.
  Time since last request: 0.000021 seconds.
  path: Assets/Sounds/AmbientParkSounds.mp3
  artifactKey: Guid(ea69702bc6b2346dbaa38f9882e9d558) Importer(815301076,1909f56bfc062723c751e8b465ee728b)
Start importing Assets/Sounds/AmbientParkSounds.mp3 using Guid(ea69702bc6b2346dbaa38f9882e9d558) Importer(815301076,1909f56bfc062723c751e8b465ee728b)  -> (artifact id: '6b9a2b9988dad653e76caeff046ffa46') in 0.027913 seconds 
========================================================================
Received Import Request.
  Time since last request: 0.000015 seconds.
  path: Assets/Sounds/Human Male Karate Yell Hey-Yah 01.wav
  artifactKey: Guid(975fa81fdf9c24b43ac1f5296b972c30) Importer(815301076,1909f56bfc062723c751e8b465ee728b)
Start importing Assets/Sounds/Human Male Karate Yell Hey-Yah 01.wav using Guid(975fa81fdf9c24b43ac1f5296b972c30) Importer(815301076,1909f56bfc062723c751e8b465ee728b)  -> (artifact id: '97d1425880417bed7857447cac6e5d22') in 0.020451 seconds 
========================================================================
Received Import Request.
  Time since last request: 0.000017 seconds.
  path: Assets/Sounds/Car_Approach.Brake_03.wav
  artifactKey: Guid(44cc096a94209a040a9d89532cd1f1bf) Importer(815301076,1909f56bfc062723c751e8b465ee728b)
Start importing Assets/Sounds/Car_Approach.Brake_03.wav using Guid(44cc096a94209a040a9d89532cd1f1bf) Importer(815301076,1909f56bfc062723c751e8b465ee728b)  -> (artifact id: '6759a52a6333696df5a4141a75db14be') in 0.023829 seconds 
========================================================================
Received Import Request.
  Time since last request: 0.000016 seconds.
  path: Assets/Sounds/Crash_Smash-Designed_Glass_Crash_Designed_013.wav
  artifactKey: Guid(44c9f3f82313fd44c8594ecb240f83fc) Importer(815301076,1909f56bfc062723c751e8b465ee728b)
Start importing Assets/Sounds/Crash_Smash-Designed_Glass_Crash_Designed_013.wav using Guid(44c9f3f82313fd44c8594ecb240f83fc) Importer(815301076,1909f56bfc062723c751e8b465ee728b)  -> (artifact id: 'aaec74f26b119e8e936085165ed5debd') in 0.020153 seconds 
========================================================================
Received Import Request.
  Time since last request: 0.000018 seconds.
  path: Assets/Sounds/CartoonRising.wav
  artifactKey: Guid(a0010a1a0c474473b81729eb770c485f) Importer(815301076,1909f56bfc062723c751e8b465ee728b)
Start importing Assets/Sounds/CartoonRising.wav using Guid(a0010a1a0c474473b81729eb770c485f) Importer(815301076,1909f56bfc062723c751e8b465ee728b)  -> (artifact id: '4a9fe0931eb2c4c5be3688c6ce443373') in 0.019029 seconds 
========================================================================
Received Import Request.
  Time since last request: 0.000021 seconds.
  path: Assets/Sounds/GlitchFX_01_Dirt_SFX_019.wav
  artifactKey: Guid(c82504950086dbe4983a11afd14126e1) Importer(815301076,1909f56bfc062723c751e8b465ee728b)
Start importing Assets/Sounds/GlitchFX_01_Dirt_SFX_019.wav using Guid(c82504950086dbe4983a11afd14126e1) Importer(815301076,1909f56bfc062723c751e8b465ee728b)  -> (artifact id: '28582ff5c23072a1b47f44d8b2612bbf') in 0.018335 seconds 
========================================================================
Received Import Request.
  Time since last request: 0.000031 seconds.
  path: Assets/Sounds/Glitched-Loop_014_01.wav
  artifactKey: Guid(a221871090e0ae94c9b35d43df330198) Importer(815301076,1909f56bfc062723c751e8b465ee728b)
Start importing Assets/Sounds/Glitched-Loop_014_01.wav using Guid(a221871090e0ae94c9b35d43df330198) Importer(815301076,1909f56bfc062723c751e8b465ee728b)  -> (artifact id: '60e5f8b07769834c524533974e389d0c') in 0.019430 seconds 
========================================================================
Received Import Request.
  Time since last request: 0.000020 seconds.
  path: Assets/Sounds/Animal Dog Bark 08.wav
  artifactKey: Guid(6698f94a184da4de7af2edf3d9b9fada) Importer(815301076,1909f56bfc062723c751e8b465ee728b)
Start importing Assets/Sounds/Animal Dog Bark 08.wav using Guid(6698f94a184da4de7af2edf3d9b9fada) Importer(815301076,1909f56bfc062723c751e8b465ee728b)  -> (artifact id: '6848841d2b49c04736c6bcccf5ed55d9') in 0.017504 seconds 
========================================================================
Received Import Request.
  Time since last request: 0.000018 seconds.
  path: Assets/Sounds/Impact Body Fall In Dirt 06.wav
  artifactKey: Guid(876c7979e615b44e49eae15a9a4e51fd) Importer(815301076,1909f56bfc062723c751e8b465ee728b)
Start importing Assets/Sounds/Impact Body Fall In Dirt 06.wav using Guid(876c7979e615b44e49eae15a9a4e51fd) Importer(815301076,1909f56bfc062723c751e8b465ee728b)  -> (artifact id: '05354df45050ced3377d790a94e8e943') in 0.019974 seconds 
========================================================================
Received Import Request.
  Time since last request: 0.000018 seconds.
  path: Assets/Sounds/Cartoon Whistle Motor Whistle 01.wav
  artifactKey: Guid(8bb074762bfc24ab58cb6b0134c77428) Importer(815301076,1909f56bfc062723c751e8b465ee728b)
Start importing Assets/Sounds/Cartoon Whistle Motor Whistle 01.wav using Guid(8bb074762bfc24ab58cb6b0134c77428) Importer(815301076,1909f56bfc062723c751e8b465ee728b)  -> (artifact id: '75c8723167741ec71f04e3724771ef04') in 0.020258 seconds 
========================================================================
Received Import Request.
  Time since last request: 0.000022 seconds.
  path: Assets/Sounds/Human Male Clear Throat 01.wav
  artifactKey: Guid(144252c2fba2c46fe80f1ee93e8e756a) Importer(815301076,1909f56bfc062723c751e8b465ee728b)
Start importing Assets/Sounds/Human Male Clear Throat 01.wav using Guid(144252c2fba2c46fe80f1ee93e8e756a) Importer(815301076,1909f56bfc062723c751e8b465ee728b)  -> (artifact id: '6127c20af62d91cab0d07c2b893095b8') in 0.018787 seconds 
========================================================================
Received Import Request.
  Time since last request: 0.000021 seconds.
  path: Assets/Sounds/Human Male Sneeze 01.wav
  artifactKey: Guid(3815a88f53c34461eb23ce23af8a3675) Importer(815301076,1909f56bfc062723c751e8b465ee728b)
Start importing Assets/Sounds/Human Male Sneeze 01.wav using Guid(3815a88f53c34461eb23ce23af8a3675) Importer(815301076,1909f56bfc062723c751e8b465ee728b)  -> (artifact id: 'd2c3442e7529ac78a455df5c6bc7eace') in 0.016939 seconds 
========================================================================
Received Import Request.
  Time since last request: 0.000018 seconds.
  path: Assets/Sounds/Impact Brick Drop On Leaf Debris Crunch 01.wav
  artifactKey: Guid(da6bca89e04e54fa38c086780fe083ca) Importer(815301076,1909f56bfc062723c751e8b465ee728b)
Start importing Assets/Sounds/Impact Brick Drop On Leaf Debris Crunch 01.wav using Guid(da6bca89e04e54fa38c086780fe083ca) Importer(815301076,1909f56bfc062723c751e8b465ee728b)  -> (artifact id: 'f101ccc04793aaf89b1e88599e38a2fb') in 0.020033 seconds 
========================================================================
Received Import Request.
  Time since last request: 0.000022 seconds.
  path: Assets/Sounds/Crash_Smash-Designed_Plastic_Crash_Designed_009.wav
  artifactKey: Guid(19c6ea3a5e763f741b2d1ddb9413a4de) Importer(815301076,1909f56bfc062723c751e8b465ee728b)
Start importing Assets/Sounds/Crash_Smash-Designed_Plastic_Crash_Designed_009.wav using Guid(19c6ea3a5e763f741b2d1ddb9413a4de) Importer(815301076,1909f56bfc062723c751e8b465ee728b)  -> (artifact id: '232cbd6388f05ad0f3ad9a9adf3f6a66') in 0.016960 seconds 
========================================================================
Received Import Request.
  Time since last request: 0.000019 seconds.
  path: Assets/Sounds/GlitchFX_01_Dirt_SFX_016.wav
  artifactKey: Guid(1a85a484d0051a4408e08abe22cd09ca) Importer(815301076,1909f56bfc062723c751e8b465ee728b)
Start importing Assets/Sounds/GlitchFX_01_Dirt_SFX_016.wav using Guid(1a85a484d0051a4408e08abe22cd09ca) Importer(815301076,1909f56bfc062723c751e8b465ee728b)  -> (artifact id: '0cbaf68808cd57bd3b1474c20530ef74') in 0.017869 seconds 
========================================================================
Received Import Request.
  Time since last request: 0.000018 seconds.
  path: Assets/Sounds/Impact Glass Debris Dropped On Trash Can Lid 01.wav
  artifactKey: Guid(9810ca81d0f5240b392f5c8dce5426d0) Importer(815301076,1909f56bfc062723c751e8b465ee728b)
Start importing Assets/Sounds/Impact Glass Debris Dropped On Trash Can Lid 01.wav using Guid(9810ca81d0f5240b392f5c8dce5426d0) Importer(815301076,1909f56bfc062723c751e8b465ee728b)  -> (artifact id: 'ed5fa25e3b91bbd61a3ec4f817292d60') in 0.017793 seconds 
========================================================================
Received Import Request.
  Time since last request: 0.000018 seconds.
  path: Assets/Sounds/Dark_SciFi_Drone_Mixed_044.wav
  artifactKey: Guid(3b1de8ba944296b4e9955d8173ecd65d) Importer(815301076,1909f56bfc062723c751e8b465ee728b)
Start importing Assets/Sounds/Dark_SciFi_Drone_Mixed_044.wav using Guid(3b1de8ba944296b4e9955d8173ecd65d) Importer(815301076,1909f56bfc062723c751e8b465ee728b)  -> (artifact id: '7a4710dfe83261242a54ca5cc59909bc') in 0.018150 seconds 
========================================================================
Received Import Request.
  Time since last request: 0.000025 seconds.
  path: Assets/Sounds/Human Male Yell Woo Hoo 01.wav
  artifactKey: Guid(eadaedf14d2bd4402b2bc9c6189df96b) Importer(815301076,1909f56bfc062723c751e8b465ee728b)
Start importing Assets/Sounds/Human Male Yell Woo Hoo 01.wav using Guid(eadaedf14d2bd4402b2bc9c6189df96b) Importer(815301076,1909f56bfc062723c751e8b465ee728b)  -> (artifact id: '76793c41324ad0f0b3c983889c1c8325') in 0.020183 seconds 
========================================================================
Received Import Request.
  Time since last request: 0.000026 seconds.
  path: Assets/Sounds/Impact Blanket Hit By Metal Tube 01.wav
  artifactKey: Guid(fdcee8d92a2ad41c1b00fe915bbf0b2e) Importer(815301076,1909f56bfc062723c751e8b465ee728b)
Start importing Assets/Sounds/Impact Blanket Hit By Metal Tube 01.wav using Guid(fdcee8d92a2ad41c1b00fe915bbf0b2e) Importer(815301076,1909f56bfc062723c751e8b465ee728b)  -> (artifact id: '58ed5ecf26c634fddb8eb8af4b5adac2') in 0.017589 seconds 
========================================================================
Received Import Request.
  Time since last request: 0.000018 seconds.
  path: Assets/Sounds/Impact Metal Cans Dumped On Cement Short 01.wav
  artifactKey: Guid(ea6901c53767644468427a5e802c2077) Importer(815301076,1909f56bfc062723c751e8b465ee728b)
Start importing Assets/Sounds/Impact Metal Cans Dumped On Cement Short 01.wav using Guid(ea6901c53767644468427a5e802c2077) Importer(815301076,1909f56bfc062723c751e8b465ee728b)  -> (artifact id: '2c4cae9790a8ef4f778016ead3312400') in 0.020023 seconds 
========================================================================
Received Import Request.
  Time since last request: 0.000021 seconds.
  path: Assets/Sounds/Crash_Smash-Designed_Stone_Crash_Designed_017.wav
  artifactKey: Guid(d9bddf679e7758946a220cb6c3e0ef91) Importer(815301076,1909f56bfc062723c751e8b465ee728b)
Start importing Assets/Sounds/Crash_Smash-Designed_Stone_Crash_Designed_017.wav using Guid(d9bddf679e7758946a220cb6c3e0ef91) Importer(815301076,1909f56bfc062723c751e8b465ee728b)  -> (artifact id: 'f30ebfda268d77964d4c354b86eff999') in 0.016965 seconds 
========================================================================
Received Import Request.
  Time since last request: 0.000019 seconds.
  path: Assets/Sounds/Crash_Smash-Designed_Wood_Crash_Designed_012.wav
  artifactKey: Guid(b6286b8ea82a1be47b6cdadd3bfeea10) Importer(815301076,1909f56bfc062723c751e8b465ee728b)
Start importing Assets/Sounds/Crash_Smash-Designed_Wood_Crash_Designed_012.wav using Guid(b6286b8ea82a1be47b6cdadd3bfeea10) Importer(815301076,1909f56bfc062723c751e8b465ee728b)  -> (artifact id: '69797f276af6449b3a56a858fcc2ecc3') in 0.018144 seconds 
========================================================================
Received Import Request.
  Time since last request: 0.000019 seconds.
  path: Assets/Sounds/ElectricTypeWriters_R300_Head-Movement_Enter_HoldDown_01.wav
  artifactKey: Guid(9f7a738176a3b3d40b09a9405eb1e50c) Importer(815301076,1909f56bfc062723c751e8b465ee728b)
Start importing Assets/Sounds/ElectricTypeWriters_R300_Head-Movement_Enter_HoldDown_01.wav using Guid(9f7a738176a3b3d40b09a9405eb1e50c) Importer(815301076,1909f56bfc062723c751e8b465ee728b)  -> (artifact id: '8cedf2da83b24c4c9e2465af0db1b5b6') in 0.019176 seconds 
========================================================================
Received Import Request.
  Time since last request: 0.000019 seconds.
  path: Assets/Sounds/GlitchFX_02_Percussion_039.wav
  artifactKey: Guid(91c24ecde82c3eb42be5c1a5f468cb9e) Importer(815301076,1909f56bfc062723c751e8b465ee728b)
Start importing Assets/Sounds/GlitchFX_02_Percussion_039.wav using Guid(91c24ecde82c3eb42be5c1a5f468cb9e) Importer(815301076,1909f56bfc062723c751e8b465ee728b)  -> (artifact id: 'cf6bf2ed9628fced3ce05cba219b643c') in 0.017192 seconds 
========================================================================
Received Import Request.
  Time since last request: 0.000016 seconds.
  path: Assets/Sounds/Human Male Yell Yeah 01.wav
  artifactKey: Guid(321aa9b0b03104c29bbd8cca74efc579) Importer(815301076,1909f56bfc062723c751e8b465ee728b)
Start importing Assets/Sounds/Human Male Yell Yeah 01.wav using Guid(321aa9b0b03104c29bbd8cca74efc579) Importer(815301076,1909f56bfc062723c751e8b465ee728b)  -> (artifact id: '47534d49e90a84f0abe41b2debd358e1') in 0.019576 seconds 
========================================================================
Received Import Request.
  Time since last request: 0.000022 seconds.
  path: Assets/Sounds/Cinematic_Transition_037.wav
  artifactKey: Guid(7e1dbff2802c78c4f9aa77914ea30cb4) Importer(815301076,1909f56bfc062723c751e8b465ee728b)
Start importing Assets/Sounds/Cinematic_Transition_037.wav using Guid(7e1dbff2802c78c4f9aa77914ea30cb4) Importer(815301076,1909f56bfc062723c751e8b465ee728b)  -> (artifact id: 'e5f2f4b0bdbf939ba57f0200799fa822') in 0.018469 seconds 
========================================================================
Received Import Request.
  Time since last request: 5.399265 seconds.
  path: Assets/Sounds/Just_Impacts_Extension-I_171.wav
  artifactKey: Guid(78d4908328e546e4eb88ae69f0bf6f62) Importer(815301076,1909f56bfc062723c751e8b465ee728b)
Start importing Assets/Sounds/Just_Impacts_Extension-I_171.wav using Guid(78d4908328e546e4eb88ae69f0bf6f62) Importer(815301076,1909f56bfc062723c751e8b465ee728b)  -> (artifact id: 'b8e28ddedd431fb82923f81dae509a56') in 0.019649 seconds 
========================================================================
Received Import Request.
  Time since last request: 0.000016 seconds.
  path: Assets/Sounds/JustImpacts_DESIGNED_253.wav
  artifactKey: Guid(bf58774424fafe148bebf7c68e441b44) Importer(815301076,1909f56bfc062723c751e8b465ee728b)
Start importing Assets/Sounds/JustImpacts_DESIGNED_253.wav using Guid(bf58774424fafe148bebf7c68e441b44) Importer(815301076,1909f56bfc062723c751e8b465ee728b)  -> (artifact id: '158e5d389d0f3bf1ec956a7816a89a1a') in 0.030789 seconds 
========================================================================
Received Import Request.
  Time since last request: 0.000020 seconds.
  path: Assets/Sounds/JustImpacts-Extension2_Metal_Jolt_Rattle_Scrape_54.wav
  artifactKey: Guid(9c9fe1911eaa7c449a8b0bbf04a9ac0d) Importer(815301076,1909f56bfc062723c751e8b465ee728b)
Start importing Assets/Sounds/JustImpacts-Extension2_Metal_Jolt_Rattle_Scrape_54.wav using Guid(9c9fe1911eaa7c449a8b0bbf04a9ac0d) Importer(815301076,1909f56bfc062723c751e8b465ee728b)  -> (artifact id: 'fafd2f159d16e438cedf4ea4abc90765') in 0.026131 seconds 
========================================================================
Received Import Request.
  Time since last request: 0.000013 seconds.
  path: Assets/Sounds/JustImpacts-Extension2_Misc_Hits_044.wav
  artifactKey: Guid(6bf88dc6f0c0ecd4bb10af10b51ac94d) Importer(815301076,1909f56bfc062723c751e8b465ee728b)
Start importing Assets/Sounds/JustImpacts-Extension2_Misc_Hits_044.wav using Guid(6bf88dc6f0c0ecd4bb10af10b51ac94d) Importer(815301076,1909f56bfc062723c751e8b465ee728b)  -> (artifact id: '79ef43b33bc5a4021408c6fc96c6e2a8') in 0.022910 seconds 
========================================================================
Received Import Request.
  Time since last request: 0.000015 seconds.
  path: Assets/Sounds/JustImpacts-Extension2_Metal_Hit_Crash_200.wav
  artifactKey: Guid(45bf0933999ccd6438dadce8b96bc650) Importer(815301076,1909f56bfc062723c751e8b465ee728b)
Start importing Assets/Sounds/JustImpacts-Extension2_Metal_Hit_Crash_200.wav using Guid(45bf0933999ccd6438dadce8b96bc650) Importer(815301076,1909f56bfc062723c751e8b465ee728b)  -> (artifact id: '90559307e53171326819e92fd7d5b1ef') in 0.019420 seconds 
========================================================================
Received Import Request.
  Time since last request: 0.000017 seconds.
  path: Assets/Sounds/Just_Transitions_SciFi-052.wav
  artifactKey: Guid(00654353ddff98c4086ba6bb0f7eca37) Importer(815301076,1909f56bfc062723c751e8b465ee728b)
Start importing Assets/Sounds/Just_Transitions_SciFi-052.wav using Guid(00654353ddff98c4086ba6bb0f7eca37) Importer(815301076,1909f56bfc062723c751e8b465ee728b)  -> (artifact id: '8ce5d310eb251789246d96678642111a') in 0.017748 seconds 
========================================================================
Received Import Request.
  Time since last request: 1.913662 seconds.
  path: Assets/Sounds/JustImpacts_PROCESSED_295.wav
  artifactKey: Guid(cc7373af9f9fe5347bb053e02eb0b6f8) Importer(815301076,1909f56bfc062723c751e8b465ee728b)
Start importing Assets/Sounds/JustImpacts_PROCESSED_295.wav using Guid(cc7373af9f9fe5347bb053e02eb0b6f8) Importer(815301076,1909f56bfc062723c751e8b465ee728b)  -> (artifact id: 'f2d844c1cdbe8ef4279a554baf74e1da') in 0.020530 seconds 
========================================================================
Received Import Request.
  Time since last request: 0.000014 seconds.
  path: Assets/Sounds/JustStones_Stones_Water_Hit_017.wav
  artifactKey: Guid(af73c36e5008b4a428bb18c9fab7820a) Importer(815301076,1909f56bfc062723c751e8b465ee728b)
Start importing Assets/Sounds/JustStones_Stones_Water_Hit_017.wav using Guid(af73c36e5008b4a428bb18c9fab7820a) Importer(815301076,1909f56bfc062723c751e8b465ee728b)  -> (artifact id: '865e36232ecae681ffb3504ebcb780cc') in 0.036173 seconds 
========================================================================
Received Import Request.
  Time since last request: 0.000016 seconds.
  path: Assets/Sounds/JustWhoosh3_Swoosh_Rope_Whip_021.wav
  artifactKey: Guid(6444a7c1d54a5e143aca5262f3346810) Importer(815301076,1909f56bfc062723c751e8b465ee728b)
Start importing Assets/Sounds/JustWhoosh3_Swoosh_Rope_Whip_021.wav using Guid(6444a7c1d54a5e143aca5262f3346810) Importer(815301076,1909f56bfc062723c751e8b465ee728b)  -> (artifact id: '4a1a710190242e283ca06ca3264c2cd1') in 0.019017 seconds 
========================================================================
Received Import Request.
  Time since last request: 0.003986 seconds.
  path: Assets/Sounds/JustWhoosh3_Whoosh_ShaverPassBy_022.wav
  artifactKey: Guid(89c46221c7ac7bd43b1392fba3a6303a) Importer(815301076,1909f56bfc062723c751e8b465ee728b)
Start importing Assets/Sounds/JustWhoosh3_Whoosh_ShaverPassBy_022.wav using Guid(89c46221c7ac7bd43b1392fba3a6303a) Importer(815301076,1909f56bfc062723c751e8b465ee728b)  -> (artifact id: '70412853bf15d19aebf8400b1f33de76') in 0.022852 seconds 
========================================================================
Received Import Request.
  Time since last request: 0.000015 seconds.
  path: Assets/Sounds/Pass-By_Sports-Car_Multiple_026.wav
  artifactKey: Guid(b59b127275716484f870c0d37f3633b0) Importer(815301076,1909f56bfc062723c751e8b465ee728b)
Start importing Assets/Sounds/Pass-By_Sports-Car_Multiple_026.wav using Guid(b59b127275716484f870c0d37f3633b0) Importer(815301076,1909f56bfc062723c751e8b465ee728b)  -> (artifact id: '3d008052d7461f4a05e30b8fabffb744') in 0.027088 seconds 
========================================================================
Received Import Request.
  Time since last request: 1.734155 seconds.
  path: Assets/Sounds/Transportation Bulldozer Driving Backing Up Away From Mic .wav
  artifactKey: Guid(b3df569584af64d3393f697d1d4317a5) Importer(815301076,1909f56bfc062723c751e8b465ee728b)
Start importing Assets/Sounds/Transportation Bulldozer Driving Backing Up Away From Mic .wav using Guid(b3df569584af64d3393f697d1d4317a5) Importer(815301076,1909f56bfc062723c751e8b465ee728b)  -> (artifact id: '2ad3c239eae1aeb5f9c7c93d97bad743') in 0.023453 seconds 
========================================================================
Received Import Request.
  Time since last request: 0.000064 seconds.
  path: Assets/Sounds/Trumpeting.wav
  artifactKey: Guid(2667a0a008b044e218b63df62e2be749) Importer(815301076,1909f56bfc062723c751e8b465ee728b)
Start importing Assets/Sounds/Trumpeting.wav using Guid(2667a0a008b044e218b63df62e2be749) Importer(815301076,1909f56bfc062723c751e8b465ee728b)  -> (artifact id: 'fe506efb3ecb095dff0e82f2e8a47c29') in 0.031707 seconds 
========================================================================
Received Import Request.
  Time since last request: 0.000014 seconds.
  path: Assets/Sounds/Transportation Truck Envoy Honk Horn Short 01.wav
  artifactKey: Guid(ed22ae4b1308041de91994052da66252) Importer(815301076,1909f56bfc062723c751e8b465ee728b)
Start importing Assets/Sounds/Transportation Truck Envoy Honk Horn Short 01.wav using Guid(ed22ae4b1308041de91994052da66252) Importer(815301076,1909f56bfc062723c751e8b465ee728b)  -> (artifact id: 'fc33f1b91cd11ea665ff721ca2fa0613') in 0.033140 seconds 
========================================================================
Received Import Request.
  Time since last request: 1.239217 seconds.
  path: Assets/Sounds/WhooshesImpacts_Impact_01.wav
  artifactKey: Guid(5c6c8285e62e3264b9c4d9fb20a4b3ec) Importer(815301076,1909f56bfc062723c751e8b465ee728b)
Start importing Assets/Sounds/WhooshesImpacts_Impact_01.wav using Guid(5c6c8285e62e3264b9c4d9fb20a4b3ec) Importer(815301076,1909f56bfc062723c751e8b465ee728b)  -> (artifact id: '7aaab5273372572049e50fb4a13a713d') in 0.019866 seconds 
========================================================================
Received Import Request.
  Time since last request: 747.886919 seconds.
  path: Assets/Music/HappyMusicLoop1.mp3
  artifactKey: Guid(7d38f0bf5b3c74cf6be84082f238da77) Importer(815301076,1909f56bfc062723c751e8b465ee728b)
Start importing Assets/Music/HappyMusicLoop1.mp3 using Guid(7d38f0bf5b3c74cf6be84082f238da77) Importer(815301076,1909f56bfc062723c751e8b465ee728b)  -> (artifact id: '4f7efe416b5bb2e798aee5161f6a9247') in 0.018765 seconds 
