Using pre-set license
Built from '2021.3/staging' branch; Version is '2021.3.19f1 (c9714fde33b6) revision 13201743'; Using compiler version '192829333'; Build Type 'Release'
OS: 'Windows 10  (10.0.19045) 64bit Enterprise' Language: 'en' Physical Memory: 32456 MB
BatchMode: 1, IsHumanControllingUs: 0, StartBugReporterOnCrash: 0, Is64bit: 1, IsPro: 1

COMMAND LINE ARGUMENTS:
C:\Program Files\Unity 2021.3.19f1\Editor\Unity.exe
-adb2
-batchMode
-noUpm
-name
AssetImportWorker5
-projectPath
C:/Users/horna733/Documents/Unity Projects-Adam/Sound Effects-adam
-logFile
Logs/AssetImportWorker5.log
-srvPort
57702
Successfully changed project path to: C:/Users/horna733/Documents/Unity Projects-Adam/Sound Effects-adam
C:/Users/horna733/Documents/Unity Projects-Adam/Sound Effects-adam
[UnityMemory] Configuration Parameters - Can be set up in boot.config
    "memorysetup-bucket-allocator-granularity=16"
    "memorysetup-bucket-allocator-bucket-count=8"
    "memorysetup-bucket-allocator-block-size=33554432"
    "memorysetup-bucket-allocator-block-count=8"
    "memorysetup-main-allocator-block-size=16777216"
    "memorysetup-thread-allocator-block-size=16777216"
    "memorysetup-gfx-main-allocator-block-size=16777216"
    "memorysetup-gfx-thread-allocator-block-size=16777216"
    "memorysetup-cache-allocator-block-size=4194304"
    "memorysetup-typetree-allocator-block-size=2097152"
    "memorysetup-profiler-bucket-allocator-granularity=16"
    "memorysetup-profiler-bucket-allocator-bucket-count=8"
    "memorysetup-profiler-bucket-allocator-block-size=33554432"
    "memorysetup-profiler-bucket-allocator-block-count=8"
    "memorysetup-profiler-allocator-block-size=16777216"
    "memorysetup-profiler-editor-allocator-block-size=1048576"
    "memorysetup-temp-allocator-size-main=16777216"
    "memorysetup-job-temp-allocator-block-size=2097152"
    "memorysetup-job-temp-allocator-block-size-background=1048576"
    "memorysetup-job-temp-allocator-reduction-small-platforms=262144"
    "memorysetup-temp-allocator-size-background-worker=32768"
    "memorysetup-temp-allocator-size-job-worker=262144"
    "memorysetup-temp-allocator-size-preload-manager=33554432"
    "memorysetup-temp-allocator-size-nav-mesh-worker=65536"
    "memorysetup-temp-allocator-size-audio-worker=65536"
    "memorysetup-temp-allocator-size-cloud-worker=32768"
    "memorysetup-temp-allocator-size-gi-baking-worker=262144"
    "memorysetup-temp-allocator-size-gfx=262144"
Player connection [7928] Host "[IP] 10.2.3.250 [Port] 0 [Flags] 2 [Guid] 3183335060 [EditorId] 3183335060 [Version] 1048832 [Id] WindowsEditor(7,CE105WD238870S) [Debug] 1 [PackageName] WindowsEditor [ProjectName] Editor" joined multi-casting on [225.0.0.222:54997]...

Player connection [7928] Host "[IP] 10.2.3.250 [Port] 0 [Flags] 2 [Guid] 3183335060 [EditorId] 3183335060 [Version] 1048832 [Id] WindowsEditor(7,CE105WD238870S) [Debug] 1 [PackageName] WindowsEditor [ProjectName] Editor" joined alternative multi-casting on [225.0.0.222:34997]...

Refreshing native plugins compatible for Editor in 25.42 ms, found 2 plugins.
Preloading 0 native plugins for Editor in 0.00 ms.
Initialize engine version: 2021.3.19f1 (c9714fde33b6)
[Subsystems] Discovering subsystems at path C:/Program Files/Unity 2021.3.19f1/Editor/Data/Resources/UnitySubsystems
[Subsystems] Discovering subsystems at path C:/Users/horna733/Documents/Unity Projects-Adam/Sound Effects-adam/Assets
GfxDevice: creating device client; threaded=0; jobified=0
Direct3D:
    Version:  Direct3D 11.0 [level 11.1]
    Renderer: Intel(R) UHD Graphics (ID=0xa780)
    Vendor:   Intel
    VRAM:     16228 MB
    Driver:   31.0.101.3302
Initialize mono
Mono path[0] = 'C:/Program Files/Unity 2021.3.19f1/Editor/Data/Managed'
Mono path[1] = 'C:/Program Files/Unity 2021.3.19f1/Editor/Data/MonoBleedingEdge/lib/mono/unityjit-win32'
Mono config path = 'C:/Program Files/Unity 2021.3.19f1/Editor/Data/MonoBleedingEdge/etc'
Using monoOptions --debugger-agent=transport=dt_socket,embedding=1,server=y,suspend=n,address=127.0.0.1:56508
Begin MonoManager ReloadAssembly
Registering precompiled unity dll's ...
Register platform support module: C:/Program Files/Unity 2021.3.19f1/Editor/Data/PlaybackEngines/WebGLSupport/UnityEditor.WebGL.Extensions.dll
Register platform support module: C:/Program Files/Unity 2021.3.19f1/Editor/Data/PlaybackEngines/WindowsStandaloneSupport/UnityEditor.WindowsStandalone.Extensions.dll
Register platform support module: C:/Program Files/Unity 2021.3.19f1/Editor/Data/PlaybackEngines/MetroSupport/UnityEditor.UWP.Extensions.dll
Registered in 0.006495 seconds.
Native extension for UWP target not found
Native extension for WindowsStandalone target not found
Native extension for WebGL target not found
Refreshing native plugins compatible for Editor in 22.94 ms, found 2 plugins.
Preloading 0 native plugins for Editor in 0.00 ms.
Mono: successfully reloaded assembly
- Completed reload, in  0.642 seconds
Domain Reload Profiling:
	ReloadAssembly (643ms)
		BeginReloadAssembly (86ms)
			ExecutionOrderSort (0ms)
			DisableScriptedObjects (0ms)
			BackupInstance (0ms)
			ReleaseScriptingObjects (0ms)
			CreateAndSetChildDomain (1ms)
		EndReloadAssembly (441ms)
			LoadAssemblies (85ms)
			RebuildTransferFunctionScriptingTraits (0ms)
			SetupTypeCache (110ms)
			ReleaseScriptCaches (0ms)
			RebuildScriptCaches (31ms)
			SetupLoadedEditorAssemblies (243ms)
				LogAssemblyErrors (0ms)
				InitializePlatformSupportModulesInManaged (11ms)
				SetLoadedEditorAssemblies (0ms)
				RefreshPlugins (23ms)
				BeforeProcessingInitializeOnLoad (1ms)
				ProcessInitializeOnLoadAttributes (154ms)
				ProcessInitializeOnLoadMethodAttributes (54ms)
				AfterProcessingInitializeOnLoad (0ms)
				EditorAssembliesLoaded (0ms)
			ExecutionOrderSort2 (0ms)
			AwakeInstancesAfterBackupRestoration (0ms)
Platform modules already initialized, skipping
Registering precompiled user dll's ...
Registered in 0.003714 seconds.
Begin MonoManager ReloadAssembly
Native extension for UWP target not found
Native extension for WindowsStandalone target not found
Native extension for WebGL target not found
Refreshing native plugins compatible for Editor in 0.31 ms, found 2 plugins.
Preloading 0 native plugins for Editor in 0.00 ms.
Mono: successfully reloaded assembly
- Completed reload, in  0.769 seconds
Domain Reload Profiling:
	ReloadAssembly (770ms)
		BeginReloadAssembly (111ms)
			ExecutionOrderSort (0ms)
			DisableScriptedObjects (5ms)
			BackupInstance (0ms)
			ReleaseScriptingObjects (0ms)
			CreateAndSetChildDomain (20ms)
		EndReloadAssembly (553ms)
			LoadAssemblies (73ms)
			RebuildTransferFunctionScriptingTraits (0ms)
			SetupTypeCache (149ms)
			ReleaseScriptCaches (0ms)
			RebuildScriptCaches (44ms)
			SetupLoadedEditorAssemblies (254ms)
				LogAssemblyErrors (0ms)
				InitializePlatformSupportModulesInManaged (7ms)
				SetLoadedEditorAssemblies (0ms)
				RefreshPlugins (0ms)
				BeforeProcessingInitializeOnLoad (42ms)
				ProcessInitializeOnLoadAttributes (180ms)
				ProcessInitializeOnLoadMethodAttributes (17ms)
				AfterProcessingInitializeOnLoad (7ms)
				EditorAssembliesLoaded (0ms)
			ExecutionOrderSort2 (0ms)
			AwakeInstancesAfterBackupRestoration (8ms)
Platform modules already initialized, skipping
========================================================================
Worker process is ready to serve import requests
Launched and connected shader compiler UnityShaderCompiler.exe after 0.06 seconds
Refreshing native plugins compatible for Editor in 0.18 ms, found 2 plugins.
Preloading 0 native plugins for Editor in 0.00 ms.
Unloading 1342 Unused Serialized files (Serialized files now loaded: 0)
Unloading 16 unused Assets / (56.6 KB). Loaded Objects now: 1812.
Memory consumption went from 62.5 MB to 62.4 MB.
Total: 1.600800 ms (FindLiveObjects: 0.072600 ms CreateObjectMapping: 0.017400 ms MarkObjects: 1.463500 ms  DeleteObjects: 0.046500 ms)

AssetImportParameters requested are different than current active one (requested -> active):
  custom:video-decoder-ogg-theora: a1e56fd34408186e4bbccfd4996cb3dc -> 
  custom:container-muxer-webm: aa71ff27fc2769a1b78a27578f13a17b -> 
  custom:container-demuxer-webm: 4f35f7cbe854078d1ac9338744f61a02 -> 
  custom:video-encoder-webm-vp8: eb34c28f22e8b96e1ab97ce403110664 -> 
  custom:audio-encoder-webm-vorbis: bf7c407c2cedff20999df2af8eb42d56 -> 
  custom:framework-win-MediaFoundation: 216162199b28c13a410421893ffa2e32 -> 
  custom:container-demuxer-ogg: 62fdf1f143b41e24485cea50d1cbac27 -> 
  custom:video-decoder-webm-vp8: 9c59270c3fd7afecdb556c50c9e8de78 -> 
  custom:audio-decoder-ogg-vorbis: bf7c407c2cedff20999df2af8eb42d56 -> 
========================================================================
Received Import Request.
  Time since last request: 2319365.149905 seconds.
  path: Assets/Sounds/Just_Transitions_Creepy-031.wav
  artifactKey: Guid(79f040421f6f0fa4c91b0d62f10a87d5) Importer(815301076,1909f56bfc062723c751e8b465ee728b)
Start importing Assets/Sounds/Just_Transitions_Creepy-031.wav using Guid(79f040421f6f0fa4c91b0d62f10a87d5) Importer(815301076,1909f56bfc062723c751e8b465ee728b)  -> (artifact id: '56e37d04d1a15ecd99922c13d9013337') in 0.131020 seconds 
========================================================================
Received Import Request.
  Time since last request: 1.930079 seconds.
  path: Assets/Sounds/JustImpacts_SIMPLE_297.wav
  artifactKey: Guid(1542f1b23b0b7bd45bfaaa799f75fcc5) Importer(815301076,1909f56bfc062723c751e8b465ee728b)
Start importing Assets/Sounds/JustImpacts_SIMPLE_297.wav using Guid(1542f1b23b0b7bd45bfaaa799f75fcc5) Importer(815301076,1909f56bfc062723c751e8b465ee728b)  -> (artifact id: '063ec34cc90b3962fd16e24332d4972b') in 0.020237 seconds 
========================================================================
Received Import Request.
  Time since last request: 0.000015 seconds.
  path: Assets/Sounds/JustWhoosh3_Swoosh_Rod_Pole_017.wav
  artifactKey: Guid(82a02398bd601ab4db743ef1c20c1842) Importer(815301076,1909f56bfc062723c751e8b465ee728b)
Start importing Assets/Sounds/JustWhoosh3_Swoosh_Rod_Pole_017.wav using Guid(82a02398bd601ab4db743ef1c20c1842) Importer(815301076,1909f56bfc062723c751e8b465ee728b)  -> (artifact id: '594cc08158bb02f9fd9437c6b505ce0d') in 0.023024 seconds 
========================================================================
Received Import Request.
  Time since last request: 0.000017 seconds.
  path: Assets/Sounds/JustStones_Stones_Roll_Bounce_036.wav
  artifactKey: Guid(96f7fee5cac13044890826c4b86d5a1b) Importer(815301076,1909f56bfc062723c751e8b465ee728b)
Start importing Assets/Sounds/JustStones_Stones_Roll_Bounce_036.wav using Guid(96f7fee5cac13044890826c4b86d5a1b) Importer(815301076,1909f56bfc062723c751e8b465ee728b)  -> (artifact id: '3b331040787d57a31442420c1aad67a3') in 0.019974 seconds 
========================================================================
Received Import Request.
  Time since last request: 0.015187 seconds.
  path: Assets/Sounds/JustWhoosh_II_114.wav
  artifactKey: Guid(a5fdc693fced1e74b84480ca08b8eac9) Importer(815301076,1909f56bfc062723c751e8b465ee728b)
Start importing Assets/Sounds/JustWhoosh_II_114.wav using Guid(a5fdc693fced1e74b84480ca08b8eac9) Importer(815301076,1909f56bfc062723c751e8b465ee728b)  -> (artifact id: '26493ce750fd0fdfce02ead3a957d477') in 0.023159 seconds 
========================================================================
Received Import Request.
  Time since last request: 0.000016 seconds.
  path: Assets/Sounds/JustWhoosh_Whoosh_17.wav
  artifactKey: Guid(46fd72ece104bfd40a6d6618f1d9a079) Importer(815301076,1909f56bfc062723c751e8b465ee728b)
Start importing Assets/Sounds/JustWhoosh_Whoosh_17.wav using Guid(46fd72ece104bfd40a6d6618f1d9a079) Importer(815301076,1909f56bfc062723c751e8b465ee728b)  -> (artifact id: 'fa493070c073d18fcd3fb9cfd61c5025') in 0.020614 seconds 
========================================================================
Received Import Request.
  Time since last request: 0.000014 seconds.
  path: Assets/Sounds/Thud.wav
  artifactKey: Guid(b99da9a57308d4ba1bee1cf1d9038376) Importer(815301076,1909f56bfc062723c751e8b465ee728b)
Start importing Assets/Sounds/Thud.wav using Guid(b99da9a57308d4ba1bee1cf1d9038376) Importer(815301076,1909f56bfc062723c751e8b465ee728b)  -> (artifact id: '61ec0855c506e34458dd32775f40f435') in 0.024314 seconds 
========================================================================
Received Import Request.
  Time since last request: 1.711670 seconds.
  path: Assets/Sounds/Transportation Bulldozer Idling 02.wav
  artifactKey: Guid(c2cf530c1efdb465491d6a0d686ed04a) Importer(815301076,1909f56bfc062723c751e8b465ee728b)
Start importing Assets/Sounds/Transportation Bulldozer Idling 02.wav using Guid(c2cf530c1efdb465491d6a0d686ed04a) Importer(815301076,1909f56bfc062723c751e8b465ee728b)  -> (artifact id: '445a3c3f9d35560bb5ffee9b1f0418f6') in 0.025465 seconds 
========================================================================
Received Import Request.
  Time since last request: 0.000014 seconds.
  path: Assets/Sounds/Transportation Truck Envoy Honk Horn Long 01.wav
  artifactKey: Guid(cc9ee051c096d4bc2970706409d02c5e) Importer(815301076,1909f56bfc062723c751e8b465ee728b)
Start importing Assets/Sounds/Transportation Truck Envoy Honk Horn Long 01.wav using Guid(cc9ee051c096d4bc2970706409d02c5e) Importer(815301076,1909f56bfc062723c751e8b465ee728b)  -> (artifact id: 'ccc414c5358385cd2748b950df9b7039') in 0.029976 seconds 
========================================================================
Received Import Request.
  Time since last request: 0.000015 seconds.
  path: Assets/Sounds/Transportation Truck Diesel Truck Drive By Fast 01.wav
  artifactKey: Guid(771241c9bbe9d4a0887363adb1d7734f) Importer(815301076,1909f56bfc062723c751e8b465ee728b)
Start importing Assets/Sounds/Transportation Truck Diesel Truck Drive By Fast 01.wav using Guid(771241c9bbe9d4a0887363adb1d7734f) Importer(815301076,1909f56bfc062723c751e8b465ee728b)  -> (artifact id: '12f0c9389a8ff2ff6b4f7d45b898aefe') in 0.016797 seconds 
Editor requested this worker to shutdown with reason: Scaling down because of idle timeout
AssetImportWorker is now disconnected from the server
Process exiting
Exiting without the bug reporter. Application will terminate with return code 0