Using pre-set license
Built from '2021.3/staging' branch; Version is '2021.3.19f1 (c9714fde33b6) revision 13201743'; Using compiler version '192829333'; Build Type 'Release'
OS: 'Windows 10  (10.0.19045) 64bit Enterprise' Language: 'en' Physical Memory: 32456 MB
BatchMode: 1, IsHumanControllingUs: 0, StartBugReporterOnCrash: 0, Is64bit: 1, IsPro: 1

COMMAND LINE ARGUMENTS:
C:\Program Files\Unity 2021.3.19f1\Editor\Unity.exe
-adb2
-batchMode
-noUpm
-name
AssetImportWorker4
-projectPath
C:/Users/horna733/Documents/Unity Projects-Adam/Sound Effects-adam
-logFile
Logs/AssetImportWorker4.log
-srvPort
57702
Successfully changed project path to: C:/Users/horna733/Documents/Unity Projects-Adam/Sound Effects-adam
C:/Users/horna733/Documents/Unity Projects-Adam/Sound Effects-adam
[UnityMemory] Configuration Parameters - Can be set up in boot.config
    "memorysetup-bucket-allocator-granularity=16"
    "memorysetup-bucket-allocator-bucket-count=8"
    "memorysetup-bucket-allocator-block-size=33554432"
    "memorysetup-bucket-allocator-block-count=8"
    "memorysetup-main-allocator-block-size=16777216"
    "memorysetup-thread-allocator-block-size=16777216"
    "memorysetup-gfx-main-allocator-block-size=16777216"
    "memorysetup-gfx-thread-allocator-block-size=16777216"
    "memorysetup-cache-allocator-block-size=4194304"
    "memorysetup-typetree-allocator-block-size=2097152"
    "memorysetup-profiler-bucket-allocator-granularity=16"
    "memorysetup-profiler-bucket-allocator-bucket-count=8"
    "memorysetup-profiler-bucket-allocator-block-size=33554432"
    "memorysetup-profiler-bucket-allocator-block-count=8"
    "memorysetup-profiler-allocator-block-size=16777216"
    "memorysetup-profiler-editor-allocator-block-size=1048576"
    "memorysetup-temp-allocator-size-main=16777216"
    "memorysetup-job-temp-allocator-block-size=2097152"
    "memorysetup-job-temp-allocator-block-size-background=1048576"
    "memorysetup-job-temp-allocator-reduction-small-platforms=262144"
    "memorysetup-temp-allocator-size-background-worker=32768"
    "memorysetup-temp-allocator-size-job-worker=262144"
    "memorysetup-temp-allocator-size-preload-manager=33554432"
    "memorysetup-temp-allocator-size-nav-mesh-worker=65536"
    "memorysetup-temp-allocator-size-audio-worker=65536"
    "memorysetup-temp-allocator-size-cloud-worker=32768"
    "memorysetup-temp-allocator-size-gi-baking-worker=262144"
    "memorysetup-temp-allocator-size-gfx=262144"
Player connection [5732] Host "[IP] 10.2.3.250 [Port] 0 [Flags] 2 [Guid] 3878002798 [EditorId] 3878002798 [Version] 1048832 [Id] WindowsEditor(7,CE105WD238870S) [Debug] 1 [PackageName] WindowsEditor [ProjectName] Editor" joined multi-casting on [225.0.0.222:54997]...

Player connection [5732] Host "[IP] 10.2.3.250 [Port] 0 [Flags] 2 [Guid] 3878002798 [EditorId] 3878002798 [Version] 1048832 [Id] WindowsEditor(7,CE105WD238870S) [Debug] 1 [PackageName] WindowsEditor [ProjectName] Editor" joined alternative multi-casting on [225.0.0.222:34997]...

Refreshing native plugins compatible for Editor in 24.23 ms, found 2 plugins.
Preloading 0 native plugins for Editor in 0.00 ms.
Initialize engine version: 2021.3.19f1 (c9714fde33b6)
[Subsystems] Discovering subsystems at path C:/Program Files/Unity 2021.3.19f1/Editor/Data/Resources/UnitySubsystems
[Subsystems] Discovering subsystems at path C:/Users/horna733/Documents/Unity Projects-Adam/Sound Effects-adam/Assets
GfxDevice: creating device client; threaded=0; jobified=0
Direct3D:
    Version:  Direct3D 11.0 [level 11.1]
    Renderer: Intel(R) UHD Graphics (ID=0xa780)
    Vendor:   Intel
    VRAM:     16228 MB
    Driver:   31.0.101.3302
Initialize mono
Mono path[0] = 'C:/Program Files/Unity 2021.3.19f1/Editor/Data/Managed'
Mono path[1] = 'C:/Program Files/Unity 2021.3.19f1/Editor/Data/MonoBleedingEdge/lib/mono/unityjit-win32'
Mono config path = 'C:/Program Files/Unity 2021.3.19f1/Editor/Data/MonoBleedingEdge/etc'
Using monoOptions --debugger-agent=transport=dt_socket,embedding=1,server=y,suspend=n,address=127.0.0.1:56776
Begin MonoManager ReloadAssembly
Registering precompiled unity dll's ...
Register platform support module: C:/Program Files/Unity 2021.3.19f1/Editor/Data/PlaybackEngines/WebGLSupport/UnityEditor.WebGL.Extensions.dll
Register platform support module: C:/Program Files/Unity 2021.3.19f1/Editor/Data/PlaybackEngines/WindowsStandaloneSupport/UnityEditor.WindowsStandalone.Extensions.dll
Register platform support module: C:/Program Files/Unity 2021.3.19f1/Editor/Data/PlaybackEngines/MetroSupport/UnityEditor.UWP.Extensions.dll
Registered in 0.006855 seconds.
Native extension for UWP target not found
Native extension for WindowsStandalone target not found
Native extension for WebGL target not found
Refreshing native plugins compatible for Editor in 22.66 ms, found 2 plugins.
Preloading 0 native plugins for Editor in 0.00 ms.
Mono: successfully reloaded assembly
- Completed reload, in  0.640 seconds
Domain Reload Profiling:
	ReloadAssembly (640ms)
		BeginReloadAssembly (86ms)
			ExecutionOrderSort (0ms)
			DisableScriptedObjects (0ms)
			BackupInstance (0ms)
			ReleaseScriptingObjects (0ms)
			CreateAndSetChildDomain (1ms)
		EndReloadAssembly (437ms)
			LoadAssemblies (85ms)
			RebuildTransferFunctionScriptingTraits (0ms)
			SetupTypeCache (111ms)
			ReleaseScriptCaches (0ms)
			RebuildScriptCaches (30ms)
			SetupLoadedEditorAssemblies (240ms)
				LogAssemblyErrors (0ms)
				InitializePlatformSupportModulesInManaged (11ms)
				SetLoadedEditorAssemblies (0ms)
				RefreshPlugins (23ms)
				BeforeProcessingInitializeOnLoad (1ms)
				ProcessInitializeOnLoadAttributes (149ms)
				ProcessInitializeOnLoadMethodAttributes (55ms)
				AfterProcessingInitializeOnLoad (0ms)
				EditorAssembliesLoaded (0ms)
			ExecutionOrderSort2 (0ms)
			AwakeInstancesAfterBackupRestoration (0ms)
Platform modules already initialized, skipping
Registering precompiled user dll's ...
Registered in 0.004645 seconds.
Begin MonoManager ReloadAssembly
Native extension for UWP target not found
Native extension for WindowsStandalone target not found
Native extension for WebGL target not found
Refreshing native plugins compatible for Editor in 0.36 ms, found 2 plugins.
Preloading 0 native plugins for Editor in 0.00 ms.
Mono: successfully reloaded assembly
- Completed reload, in  0.744 seconds
Domain Reload Profiling:
	ReloadAssembly (745ms)
		BeginReloadAssembly (99ms)
			ExecutionOrderSort (0ms)
			DisableScriptedObjects (6ms)
			BackupInstance (0ms)
			ReleaseScriptingObjects (0ms)
			CreateAndSetChildDomain (20ms)
		EndReloadAssembly (540ms)
			LoadAssemblies (62ms)
			RebuildTransferFunctionScriptingTraits (0ms)
			SetupTypeCache (148ms)
			ReleaseScriptCaches (0ms)
			RebuildScriptCaches (36ms)
			SetupLoadedEditorAssemblies (255ms)
				LogAssemblyErrors (0ms)
				InitializePlatformSupportModulesInManaged (7ms)
				SetLoadedEditorAssemblies (0ms)
				RefreshPlugins (0ms)
				BeforeProcessingInitializeOnLoad (43ms)
				ProcessInitializeOnLoadAttributes (181ms)
				ProcessInitializeOnLoadMethodAttributes (17ms)
				AfterProcessingInitializeOnLoad (6ms)
				EditorAssembliesLoaded (0ms)
			ExecutionOrderSort2 (0ms)
			AwakeInstancesAfterBackupRestoration (8ms)
Platform modules already initialized, skipping
========================================================================
Worker process is ready to serve import requests
Launched and connected shader compiler UnityShaderCompiler.exe after 0.05 seconds
Refreshing native plugins compatible for Editor in 0.20 ms, found 2 plugins.
Preloading 0 native plugins for Editor in 0.00 ms.
Unloading 1342 Unused Serialized files (Serialized files now loaded: 0)
Unloading 16 unused Assets / (56.6 KB). Loaded Objects now: 1812.
Memory consumption went from 62.6 MB to 62.6 MB.
Total: 1.575700 ms (FindLiveObjects: 0.079000 ms CreateObjectMapping: 0.019700 ms MarkObjects: 1.416400 ms  DeleteObjects: 0.059400 ms)

AssetImportParameters requested are different than current active one (requested -> active):
  custom:video-decoder-ogg-theora: a1e56fd34408186e4bbccfd4996cb3dc -> 
  custom:container-muxer-webm: aa71ff27fc2769a1b78a27578f13a17b -> 
  custom:container-demuxer-webm: 4f35f7cbe854078d1ac9338744f61a02 -> 
  custom:video-encoder-webm-vp8: eb34c28f22e8b96e1ab97ce403110664 -> 
  custom:audio-encoder-webm-vorbis: bf7c407c2cedff20999df2af8eb42d56 -> 
  custom:framework-win-MediaFoundation: 216162199b28c13a410421893ffa2e32 -> 
  custom:container-demuxer-ogg: 62fdf1f143b41e24485cea50d1cbac27 -> 
  custom:video-decoder-webm-vp8: 9c59270c3fd7afecdb556c50c9e8de78 -> 
  custom:audio-decoder-ogg-vorbis: bf7c407c2cedff20999df2af8eb42d56 -> 
========================================================================
Received Import Request.
  Time since last request: 2319365.149141 seconds.
  path: Assets/Sounds/Junk-Plastic-Glass_05.wav
  artifactKey: Guid(11fb159fd4026264a907a7bad7d72b97) Importer(815301076,1909f56bfc062723c751e8b465ee728b)
Start importing Assets/Sounds/Junk-Plastic-Glass_05.wav using Guid(11fb159fd4026264a907a7bad7d72b97) Importer(815301076,1909f56bfc062723c751e8b465ee728b)  -> (artifact id: '14af7383472f7344d245ac3d07a4f355') in 0.136242 seconds 
========================================================================
Received Import Request.
  Time since last request: 1.924875 seconds.
  path: Assets/Sounds/JustImpacts_DESIGNED_300.wav
  artifactKey: Guid(09406575510c06349bf310090c08bb69) Importer(815301076,1909f56bfc062723c751e8b465ee728b)
Start importing Assets/Sounds/JustImpacts_DESIGNED_300.wav using Guid(09406575510c06349bf310090c08bb69) Importer(815301076,1909f56bfc062723c751e8b465ee728b)  -> (artifact id: '9be461bb512dc49f097a8a2a18ab7a2a') in 0.019961 seconds 
========================================================================
Received Import Request.
  Time since last request: 0.000013 seconds.
  path: Assets/Sounds/JustStones_Stones_Scrape_Jolt_036.wav
  artifactKey: Guid(1dac73b1ca6cab249ab07daf48f92ad9) Importer(815301076,1909f56bfc062723c751e8b465ee728b)
Start importing Assets/Sounds/JustStones_Stones_Scrape_Jolt_036.wav using Guid(1dac73b1ca6cab249ab07daf48f92ad9) Importer(815301076,1909f56bfc062723c751e8b465ee728b)  -> (artifact id: 'f6f01c3aee574e65beae670f4281ec7d') in 0.037275 seconds 
========================================================================
Received Import Request.
  Time since last request: 0.000019 seconds.
  path: Assets/Sounds/JustTransitions_Transitions_127.wav
  artifactKey: Guid(e716ba18311de2441ad8467082474d0b) Importer(815301076,1909f56bfc062723c751e8b465ee728b)
Start importing Assets/Sounds/JustTransitions_Transitions_127.wav using Guid(e716ba18311de2441ad8467082474d0b) Importer(815301076,1909f56bfc062723c751e8b465ee728b)  -> (artifact id: 'c1bcecd4e9f99368b09363e136cb9fd8') in 0.018363 seconds 
========================================================================
Received Import Request.
  Time since last request: 0.005179 seconds.
  path: Assets/Sounds/JustWhoosh3_Whoosh_Cloth_Leather_Fight_007.wav
  artifactKey: Guid(7082a4ece3a70ed4294cf8fa4f915be5) Importer(815301076,1909f56bfc062723c751e8b465ee728b)
Start importing Assets/Sounds/JustWhoosh3_Whoosh_Cloth_Leather_Fight_007.wav using Guid(7082a4ece3a70ed4294cf8fa4f915be5) Importer(815301076,1909f56bfc062723c751e8b465ee728b)  -> (artifact id: '4cd6c2263b9a3a56e03b3778601e449e') in 0.023140 seconds 
========================================================================
Received Import Request.
  Time since last request: 0.000014 seconds.
  path: Assets/Sounds/Running.mp3
  artifactKey: Guid(d76a55791c08b439a9c2e5e26544c8ad) Importer(815301076,1909f56bfc062723c751e8b465ee728b)
Start importing Assets/Sounds/Running.mp3 using Guid(d76a55791c08b439a9c2e5e26544c8ad) Importer(815301076,1909f56bfc062723c751e8b465ee728b)  -> (artifact id: '05466254d188629230333ecbae3c8609') in 0.022252 seconds 
========================================================================
Received Import Request.
  Time since last request: 0.000015 seconds.
  path: Assets/Sounds/Pass-By_Sports-Car_Single_056.wav
  artifactKey: Guid(c14e878e311a52b4a88f30d1fdc8ab88) Importer(815301076,1909f56bfc062723c751e8b465ee728b)
Start importing Assets/Sounds/Pass-By_Sports-Car_Single_056.wav using Guid(c14e878e311a52b4a88f30d1fdc8ab88) Importer(815301076,1909f56bfc062723c751e8b465ee728b)  -> (artifact id: '2c1e2c3bb877fce4cc369e32295a5fba') in 0.023690 seconds 
========================================================================
Received Import Request.
  Time since last request: 1.709975 seconds.
  path: Assets/Sounds/TinyTransiotions_Whoosh_Source_Tube_03.wav
  artifactKey: Guid(7cb5e090cbe942349ac4d61d41647e6d) Importer(815301076,1909f56bfc062723c751e8b465ee728b)
Start importing Assets/Sounds/TinyTransiotions_Whoosh_Source_Tube_03.wav using Guid(7cb5e090cbe942349ac4d61d41647e6d) Importer(815301076,1909f56bfc062723c751e8b465ee728b)  -> (artifact id: 'c07debb40e5aa00cd77485d461d5b7e4') in 0.026147 seconds 
========================================================================
Received Import Request.
  Time since last request: 0.000015 seconds.
  path: Assets/Sounds/Transportation Truck Diesel Truck By Slow 01.wav
  artifactKey: Guid(1149ecae04fea40fa94bf0f2da117feb) Importer(815301076,1909f56bfc062723c751e8b465ee728b)
Start importing Assets/Sounds/Transportation Truck Diesel Truck By Slow 01.wav using Guid(1149ecae04fea40fa94bf0f2da117feb) Importer(815301076,1909f56bfc062723c751e8b465ee728b)  -> (artifact id: 'fd8bf23bb74e0b4e6c02a1c9402430c0') in 0.029874 seconds 
========================================================================
Received Import Request.
  Time since last request: 0.000015 seconds.
  path: Assets/Sounds/Transportation Truck Diesel Truck Drive By Medium 01.wav
  artifactKey: Guid(7c5551cd3b4a3489ebd28dd78a874015) Importer(815301076,1909f56bfc062723c751e8b465ee728b)
Start importing Assets/Sounds/Transportation Truck Diesel Truck Drive By Medium 01.wav using Guid(7c5551cd3b4a3489ebd28dd78a874015) Importer(815301076,1909f56bfc062723c751e8b465ee728b)  -> (artifact id: 'a093aaf2e586dd8a3b50188423bb9c07') in 0.033412 seconds 
========================================================================
Received Import Request.
  Time since last request: 1.239437 seconds.
  path: Assets/Sounds/WhooshesImpacts2_Impacts_116.wav
  artifactKey: Guid(ec0297d7beb5751408bbc852309a6341) Importer(815301076,1909f56bfc062723c751e8b465ee728b)
Start importing Assets/Sounds/WhooshesImpacts2_Impacts_116.wav using Guid(ec0297d7beb5751408bbc852309a6341) Importer(815301076,1909f56bfc062723c751e8b465ee728b)  -> (artifact id: '2e09d006b97c5f2f51bb17cae50d00f6') in 0.020471 seconds 
========================================================================
Received Import Request.
  Time since last request: 747.886366 seconds.
  path: Assets/Music/EpicMusicLoop1.mp3
  artifactKey: Guid(c5c6f1f634be54f7daa225ea67366bc1) Importer(815301076,1909f56bfc062723c751e8b465ee728b)
Start importing Assets/Music/EpicMusicLoop1.mp3 using Guid(c5c6f1f634be54f7daa225ea67366bc1) Importer(815301076,1909f56bfc062723c751e8b465ee728b)  -> (artifact id: '7abd6616da655f765aee7fadf8d399a8') in 0.018942 seconds 
========================================================================
Received Import Request.
  Time since last request: 2.882322 seconds.
  path: Assets/Collectibles/Cube.prefab
  artifactKey: Guid(eb0d9ff2fae5f4d3fa59842a7a2ce247) Importer(815301076,1909f56bfc062723c751e8b465ee728b)
Start importing Assets/Collectibles/Cube.prefab using Guid(eb0d9ff2fae5f4d3fa59842a7a2ce247) Importer(815301076,1909f56bfc062723c751e8b465ee728b)  -> (artifact id: 'd65828df3a6b3b3e272a1bab23155570') in 0.057522 seconds 
